<?xml version="1.0" encoding="UTF-8" ?>
<testsuite tests="3" failures="0" name="lab.game.CoordinateTest" time="0.008" errors="0" skipped="0">
  <properties>
[...]
</properties>
  <testcase classname="lab.game.CoordinateTest" name="should_be_able_to_get_neighbours_for_first_cell" time="0.004"/>
  <testcase classname="lab.game.CoordinateTest" name="should_be_able_to_get_neighbours_for_a_cell" time="0.001"/>
  <testcase classname="lab.game.CoordinateTest" name="should_be_able_to_get_neighbours_for_last_cell" time="0.003"/>
</testsuite>